Symbol range map extraction starting
Processing 13 files
startProcessing "com\bored\morefuelsmod\Fuels.java" md5: 950b2e1873f56007014f2a085af97b84
Unmatched newcode start: 2532: //Pistons start here
endProcessing "com\bored\morefuelsmod\Fuels.java"

startProcessing "com\bored\morefuelsmod\Main.java" md5: 6e5d7674a9e6bde4bc7febb7577fa5bb
endProcessing "com\bored\morefuelsmod\Main.java"

startProcessing "com\bored\morefuelsmod\ModCrafting.java" md5: de185fb0365afb62b51c68f099b22e1c
endProcessing "com\bored\morefuelsmod\ModCrafting.java"

startProcessing "com\bored\morefuelsmod\ModSmelting.java" md5: b3f83b3d58b43b509ddb716df723f105
endProcessing "com\bored\morefuelsmod\ModSmelting.java"

startProcessing "com\bored\morefuelsmod\RFtL.java" md5: 16f6062376476510f2753f323163103b
endProcessing "com\bored\morefuelsmod\RFtL.java"

startProcessing "com\bored\morefuelsmod\block\BlockBase.java" md5: 88f5b0bf010e04b322aa4b654f17d565
endProcessing "com\bored\morefuelsmod\block\BlockBase.java"

startProcessing "com\bored\morefuelsmod\block\BlockOre.java" md5: e3ee0361985c3d816f9d0ebd92729b60
endProcessing "com\bored\morefuelsmod\block\BlockOre.java"

startProcessing "com\bored\morefuelsmod\block\ModBlocks.java" md5: f264a67308b8a74900a6bbbfb20ee457
endProcessing "com\bored\morefuelsmod\block\ModBlocks.java"

startProcessing "com\bored\morefuelsmod\client\MoreFuelsTab.java" md5: fd4721c84f8f155c6707cfa955bf6770
endProcessing "com\bored\morefuelsmod\client\MoreFuelsTab.java"

startProcessing "com\bored\morefuelsmod\item\ItemBase.java" md5: c1785bc00d8fbc47b182a57b9ef8abb7
endProcessing "com\bored\morefuelsmod\item\ItemBase.java"

startProcessing "com\bored\morefuelsmod\item\ModItems.java" md5: ae30a72e139a69cb935d27119e3bb3d9
endProcessing "com\bored\morefuelsmod\item\ModItems.java"

startProcessing "com\bored\morefuelsmod\proxy\ClientProxy.java" md5: 595719f55b60bc7b3a49a3c9fc8d9471
endProcessing "com\bored\morefuelsmod\proxy\ClientProxy.java"

startProcessing "com\bored\morefuelsmod\proxy\CommonProxy.java" md5: 7b2562cedb70da5f980ba08a772c2e08
endProcessing "com\bored\morefuelsmod\proxy\CommonProxy.java"

